<?xml version="1.0" encoding="UTF-8"?>
<!-- Generated by org.testng.reporters.JUnitReportReporter -->
<testsuite skipped="0" hostname="plabs.local" name="tests.Tests" tests="2" failures="0" timestamp="2020-08-21T22:44:21 IST" time="4.949" errors="0">
  <testcase name="sampleTest" time="0.001" classname="tests.Tests"/>
  <system-out/>
  <testcase name="testOne" time="4.948" classname="tests.Tests"/>
  <system-out/>
</testsuite> <!-- tests.Tests -->
